#! /usr/bin/vvp
:ivl_version "10.1 (stable)";
:ivl_delay_selection "TYPICAL";
:vpi_time_precision + 0;
:vpi_module "system";
:vpi_module "vhdl_sys";
:vpi_module "v2005_math";
:vpi_module "va_math";
S_0x562e6b5ee110 .scope module, "delay_buffer" "delay_buffer" 2 1;
 .timescale 0 0;
    .port_info 0 /INPUT 1 "clk"
    .port_info 1 /INPUT 1 "reset_n"
    .port_info 2 /INPUT 32 "buf_in"
    .port_info 3 /OUTPUT 32 "buf_out"
P_0x562e6b5ed150 .param/l "BIT_WIDTH" 0 2 2, +C4<00000000000000000000000000100000>;
P_0x562e6b5ed190 .param/l "DELAY_STAGES" 0 2 3, +C4<00000000000000000000000000000110>;
v0x562e6b60e5b0_5 .array/port v0x562e6b60e5b0, 5;
L_0x562e6b5b2920 .functor BUFZ 32, v0x562e6b60e5b0_5, C4<00000000000000000000000000000000>, C4<00000000000000000000000000000000>, C4<00000000000000000000000000000000>;
o0x7f9fffa8f018 .functor BUFZ 32, C4<zzzzzzzzzzzzzzzzzzzzzzzzzzzzzzzz>; HiZ drive
v0x562e6b5ee2e0_0 .net "buf_in", 31 0, o0x7f9fffa8f018;  0 drivers
v0x562e6b60e320_0 .net "buf_out", 31 0, L_0x562e6b5b2920;  1 drivers
o0x7f9fffa8f078 .functor BUFZ 1, C4<z>; HiZ drive
v0x562e6b60e400_0 .net "clk", 0 0, o0x7f9fffa8f078;  0 drivers
v0x562e6b60e4d0_0 .var/i "i", 31 0;
v0x562e6b60e5b0 .array "r_stages", 5 0, 31 0;
o0x7f9fffa8f1f8 .functor BUFZ 1, C4<z>; HiZ drive
v0x562e6b60e780_0 .net "reset_n", 0 0, o0x7f9fffa8f1f8;  0 drivers
E_0x562e6b5b2b20/0 .event negedge, v0x562e6b60e780_0;
E_0x562e6b5b2b20/1 .event posedge, v0x562e6b60e400_0;
E_0x562e6b5b2b20 .event/or E_0x562e6b5b2b20/0, E_0x562e6b5b2b20/1;
    .scope S_0x562e6b5ee110;
T_0 ;
    %wait E_0x562e6b5b2b20;
    %load/vec4 v0x562e6b60e780_0;
    %nor/r;
    %flag_set/vec4 8;
    %jmp/0xz  T_0.0, 8;
    %pushi/vec4 0, 0, 32;
    %store/vec4 v0x562e6b60e4d0_0, 0, 32;
T_0.2 ;
    %load/vec4 v0x562e6b60e4d0_0;
    %cmpi/s 6, 0, 32;
    %jmp/0xz T_0.3, 5;
    %pushi/vec4 0, 0, 32;
    %ix/getv/s 3, v0x562e6b60e4d0_0;
    %ix/load 4, 0, 0; Constant delay
    %assign/vec4/a/d v0x562e6b60e5b0, 0, 4;
    %load/vec4 v0x562e6b60e4d0_0;
    %addi 1, 0, 32;
    %store/vec4 v0x562e6b60e4d0_0, 0, 32;
    %jmp T_0.2;
T_0.3 ;
    %jmp T_0.1;
T_0.0 ;
    %load/vec4 v0x562e6b5ee2e0_0;
    %ix/load 3, 0, 0;
    %flag_set/imm 4, 0;
    %ix/load 4, 0, 0; Constant delay
    %assign/vec4/a/d v0x562e6b60e5b0, 0, 4;
    %pushi/vec4 0, 0, 32;
    %store/vec4 v0x562e6b60e4d0_0, 0, 32;
T_0.4 ;
    %load/vec4 v0x562e6b60e4d0_0;
    %cmpi/s 5, 0, 32;
    %jmp/0xz T_0.5, 5;
    %ix/getv/s 4, v0x562e6b60e4d0_0;
    %load/vec4a v0x562e6b60e5b0, 4;
    %load/vec4 v0x562e6b60e4d0_0;
    %pad/s 33;
    %addi 1, 0, 33;
    %ix/vec4/s 3;
    %ix/load 4, 0, 0; Constant delay
    %assign/vec4/a/d v0x562e6b60e5b0, 0, 4;
    %load/vec4 v0x562e6b60e4d0_0;
    %addi 1, 0, 32;
    %store/vec4 v0x562e6b60e4d0_0, 0, 32;
    %jmp T_0.4;
T_0.5 ;
T_0.1 ;
    %jmp T_0;
    .thread T_0;
# The file index is used to find the file name in the following table.
:file_names 3;
    "N/A";
    "<interactive>";
    "/home/mnasser431998/Desktop/fft_pipeline/src/delay_buffer.v";
