#! /usr/bin/vvp
:ivl_version "10.1 (stable)";
:ivl_delay_selection "TYPICAL";
:vpi_time_precision + 0;
:vpi_module "system";
:vpi_module "vhdl_sys";
:vpi_module "v2005_math";
:vpi_module "va_math";
S_0x563c17d1b740 .scope module, "tw_rom" "tw_rom" 2 1;
 .timescale 0 0;
    .port_info 0 /INPUT 3 "addr"
    .port_info 1 /OUTPUT 16 "tw_real"
    .port_info 2 /OUTPUT 16 "tw_img"
P_0x563c17d1a940 .param/str "FILE_NAME" 0 2 7, "~/Desktop/fft_pipeline/src/tw_rom.mem";
o0x7fb934baf018 .functor BUFZ 3, C4<zzz>; HiZ drive
v0x563c17d1b910_0 .net "addr", 2 0, o0x7fb934baf018;  0 drivers
v0x563c17d3b870_0 .var/i "i", 31 0;
v0x563c17d3b950_0 .var/s "tw_img", 15 0;
v0x563c17d3ba10_0 .var/s "tw_real", 15 0;
v0x563c17d3baf0 .array "tw_val_rom", 7 0, 31 0;
v0x563c17d3baf0_0 .array/port v0x563c17d3baf0, 0;
v0x563c17d3baf0_1 .array/port v0x563c17d3baf0, 1;
v0x563c17d3baf0_2 .array/port v0x563c17d3baf0, 2;
E_0x563c17d16b40/0 .event edge, v0x563c17d1b910_0, v0x563c17d3baf0_0, v0x563c17d3baf0_1, v0x563c17d3baf0_2;
v0x563c17d3baf0_3 .array/port v0x563c17d3baf0, 3;
v0x563c17d3baf0_4 .array/port v0x563c17d3baf0, 4;
v0x563c17d3baf0_5 .array/port v0x563c17d3baf0, 5;
v0x563c17d3baf0_6 .array/port v0x563c17d3baf0, 6;
E_0x563c17d16b40/1 .event edge, v0x563c17d3baf0_3, v0x563c17d3baf0_4, v0x563c17d3baf0_5, v0x563c17d3baf0_6;
v0x563c17d3baf0_7 .array/port v0x563c17d3baf0, 7;
E_0x563c17d16b40/2 .event edge, v0x563c17d3baf0_7;
E_0x563c17d16b40 .event/or E_0x563c17d16b40/0, E_0x563c17d16b40/1, E_0x563c17d16b40/2;
    .scope S_0x563c17d1b740;
T_0 ;
    %pushi/vec4 0, 0, 32;
    %store/vec4 v0x563c17d3b870_0, 0, 32;
T_0.0 ;
    %load/vec4 v0x563c17d3b870_0;
    %cmpi/s 8, 0, 32;
    %jmp/0xz T_0.1, 5;
    %pushi/vec4 0, 0, 32;
    %ix/getv/s 4, v0x563c17d3b870_0;
    %store/vec4a v0x563c17d3baf0, 4, 0;
    %load/vec4 v0x563c17d3b870_0;
    %addi 1, 0, 32;
    %store/vec4 v0x563c17d3b870_0, 0, 32;
    %jmp T_0.0;
T_0.1 ;
    %vpi_call 2 18 "$readmemh", P_0x563c17d1a940, v0x563c17d3baf0 {0 0 0};
    %end;
    .thread T_0;
    .scope S_0x563c17d1b740;
T_1 ;
    %wait E_0x563c17d16b40;
    %load/vec4 v0x563c17d1b910_0;
    %pad/u 5;
    %ix/vec4 4;
    %load/vec4a v0x563c17d3baf0, 4;
    %parti/s 16, 0, 2;
    %store/vec4 v0x563c17d3ba10_0, 0, 16;
    %load/vec4 v0x563c17d1b910_0;
    %pad/u 5;
    %ix/vec4 4;
    %load/vec4a v0x563c17d3baf0, 4;
    %parti/s 16, 16, 6;
    %store/vec4 v0x563c17d3b950_0, 0, 16;
    %jmp T_1;
    .thread T_1, $push;
# The file index is used to find the file name in the following table.
:file_names 3;
    "N/A";
    "<interactive>";
    "/home/mnasser431998/Desktop/fft_pipeline/src/tw_rom.v";
